{"name": "test_c", "status": "failed", "statusDetails": {"message": "AssertionError: assert 0", "trace": "self = <Test_App7.Test_ABC object at 0x03DD4B30>\n\n    def test_c(self):\n        print(123)\n>       assert 0\nE       assert 0\n\nclsp\\Test_App7.py:41: AssertionError"}, "start": 1603088901329, "stop": 1603088901329, "uuid": "0422b397-a170-4539-9b2d-a7587148d6a6", "historyId": "fc3003dd7467d1d97d6247383a487a8a", "testCaseId": "384dd0ba728c4bee3c8c671ab47853ca", "fullName": "clsp.Test_App7.Test_ABC#test_c", "labels": [{"name": "parentSuite", "value": "clsp"}, {"name": "suite", "value": "Test_App7"}, {"name": "subSuite", "value": "Test_ABC"}, {"name": "host", "value": "LAPTOP-LFNOOUSC"}, {"name": "thread", "value": "26300-MainThread"}, {"name": "framework", "value": "pytest"}, {"name": "language", "value": "cpython3"}, {"name": "package", "value": "clsp.Test_App7"}]}