{"name": "test_c", "status": "failed", "statusDetails": {"message": "AssertionError: assert 0", "trace": "self = <Test_App7.Test_ABC object at 0x046D9350>\n\n    def test_c(self):\n        print(123)\n>       assert 0\nE       assert 0\n\nclsp\\Test_App7.py:31: AssertionError"}, "start": 1603089261671, "stop": 1603089261672, "uuid": "97603b38-9667-4c0b-8ba5-0917d941ba0d", "historyId": "fc3003dd7467d1d97d6247383a487a8a", "testCaseId": "384dd0ba728c4bee3c8c671ab47853ca", "fullName": "clsp.Test_App7.Test_ABC#test_c", "labels": [{"name": "parentSuite", "value": "clsp"}, {"name": "suite", "value": "Test_App7"}, {"name": "subSuite", "value": "Test_ABC"}, {"name": "host", "value": "LAPTOP-LFNOOUSC"}, {"name": "thread", "value": "3956-MainThread"}, {"name": "framework", "value": "pytest"}, {"name": "language", "value": "cpython3"}, {"name": "package", "value": "clsp.Test_App7"}]}