{"name": "test_c", "status": "failed", "statusDetails": {"message": "AssertionError: assert 0", "trace": "self = <Test_App7.Test_ABC object at 0x03994BB0>\n\n    def test_c(self):\n        print(123)\n>       assert 0\nE       assert 0\n\nclsp\\Test_App7.py:41: AssertionError"}, "start": 1603088937058, "stop": 1603088937059, "uuid": "0dbafe1d-2ea2-4eec-a264-f21ba3a8f7f8", "historyId": "fc3003dd7467d1d97d6247383a487a8a", "testCaseId": "384dd0ba728c4bee3c8c671ab47853ca", "fullName": "clsp.Test_App7.Test_ABC#test_c", "labels": [{"name": "parentSuite", "value": "clsp"}, {"name": "suite", "value": "Test_App7"}, {"name": "subSuite", "value": "Test_ABC"}, {"name": "host", "value": "LAPTOP-LFNOOUSC"}, {"name": "thread", "value": "4208-MainThread"}, {"name": "framework", "value": "pytest"}, {"name": "language", "value": "cpython3"}, {"name": "package", "value": "clsp.Test_App7"}]}