{"name": "test_b", "status": "failed", "statusDetails": {"message": "AssertionError: assert 0", "trace": "self = <Test_App7.Test_ABC object at 0x047CD4F0>\n\n    def test_b(self):\n        print(999)\n>       assert 0\nE       assert 0\n\nclsp\\Test_App7.py:27: AssertionError"}, "start": 1603090534458, "stop": 1603090534458, "uuid": "57994eab-970b-457a-927f-60d0ecc8cd3b", "historyId": "43da4557b374a843c9fab09c96fd64ea", "testCaseId": "c3735e8cd63dab9a4b817a78d937f647", "fullName": "clsp.Test_App7.Test_ABC#test_b", "labels": [{"name": "parentSuite", "value": "clsp"}, {"name": "suite", "value": "Test_App7"}, {"name": "subSuite", "value": "Test_ABC"}, {"name": "host", "value": "LAPTOP-LFNOOUSC"}, {"name": "thread", "value": "17284-MainThread"}, {"name": "framework", "value": "pytest"}, {"name": "language", "value": "cpython3"}, {"name": "package", "value": "clsp.Test_App7"}]}